<?xml version="1.0" encoding="UTF-8"?>
<testsuites name="jest tests" tests="19" failures="0" time="4.457">
  <testsuite name="classPre" errors="0" failures="0" skipped="0" timestamp="2020-08-09T00:44:56" time="3.774" tests="3">
    <testcase classname="classPre must be return Function" name="classPre must be return Function" time="0.003">
    </testcase>
    <testcase classname="classPre must be return code-ui" name="classPre must be return code-ui" time="0">
    </testcase>
    <testcase classname="classPre must be return code-ui-test" name="classPre must be return code-ui-test" time="0.002">
    </testcase>
  </testsuite>
  <testsuite name="Dialog" errors="0" failures="0" skipped="0" timestamp="2020-08-09T00:44:56" time="3.796" tests="2">
    <testcase classname="Dialog trigger onCancel once when click on cancel button" name="Dialog trigger onCancel once when click on cancel button" time="0.021">
    </testcase>
    <testcase classname="Dialog trigger onOK once when click on OK button" name="Dialog trigger onOK once when click on OK button" time="0.006">
    </testcase>
  </testsuite>
  <testsuite name="localIcon" errors="0" failures="0" skipped="0" timestamp="2020-08-09T00:44:56" time="3.843" tests="3">
    <testcase classname="localIcon renders an `.code-ui-svg` component" name="localIcon renders an `.code-ui-svg` component" time="0.026">
    </testcase>
    <testcase classname="localIcon trigger onOK once when click on svg" name="localIcon trigger onOK once when click on svg" time="0.01">
    </testcase>
    <testcase classname="createIcon return a localIcon" name="createIcon return a localIcon" time="0.007">
    </testcase>
  </testsuite>
  <testsuite name="Modal" errors="0" failures="0" skipped="0" timestamp="2020-08-09T00:44:56" time="3.883" tests="4">
    <testcase classname="Modal renders a `.code-ui-modal-main`" name="Modal renders a `.code-ui-modal-main`" time="0.056">
    </testcase>
    <testcase classname="Modal renders a `.code-ui-modal-danger`" name="Modal renders a `.code-ui-modal-danger`" time="0.031">
    </testcase>
    <testcase classname="Modal renders a `.code-ui-modal-warn`" name="Modal renders a `.code-ui-modal-warn`" time="0.02">
    </testcase>
    <testcase classname="Modal renders a `.code-ui-modal-safe`" name="Modal renders a `.code-ui-modal-safe`" time="0.014">
    </testcase>
  </testsuite>
  <testsuite name="&lt;Button/&gt;" errors="0" failures="0" skipped="0" timestamp="2020-08-09T00:44:56" time="3.927" tests="7">
    <testcase classname="&lt;Button/&gt; renders an `.code-ui-button-default` component" name="&lt;Button/&gt; renders an `.code-ui-button-default` component" time="0.037">
    </testcase>
    <testcase classname="&lt;Button/&gt; renders an `.code-ui-button-main` component" name="&lt;Button/&gt; renders an `.code-ui-button-main` component" time="0.012">
    </testcase>
    <testcase classname="&lt;Button/&gt; renders an `.code-ui-button-danger` component" name="&lt;Button/&gt; renders an `.code-ui-button-danger` component" time="0.004">
    </testcase>
    <testcase classname="&lt;Button/&gt; renders an `.code-ui-button-warn` component" name="&lt;Button/&gt; renders an `.code-ui-button-warn` component" time="0.013">
    </testcase>
    <testcase classname="&lt;Button/&gt; renders an `.code-ui-button-safe` component" name="&lt;Button/&gt; renders an `.code-ui-button-safe` component" time="0.005">
    </testcase>
    <testcase classname="&lt;Button/&gt; renders children when passed in" name="&lt;Button/&gt; renders children when passed in" time="0.01">
    </testcase>
    <testcase classname="&lt;Button/&gt; simulate onClick Event" name="&lt;Button/&gt; simulate onClick Event" time="0.088">
    </testcase>
  </testsuite>
</testsuites>